<?xml version="1.0" encoding="UTF-8"?>
<testng-results ignored="0" total="133" passed="127" failed="6" skipped="0">
  <reporter-output>
  </reporter-output>
  <suite started-at="2023-03-15T19:55:39 EDT" name="Default suite" finished-at="2023-03-15T19:57:49 EDT" duration-ms="130065">
    <groups>
      <group name="cucumber">
        <method signature="AbstractTestNGCucumberTests.runScenario(io.cucumber.testng.PickleWrapper,io.cucumber.testng.FeatureWrapper)[pri:0, instance:runner.TestNGRunner@7a8c8dcf]" name="runScenario" class="io.cucumber.testng.AbstractTestNGCucumberTests"/>
      </group> <!-- cucumber -->
    </groups>
    <test started-at="2023-03-15T19:55:39 EDT" name="Default test" finished-at="2023-03-15T19:57:49 EDT" duration-ms="130065">
      <class name="runner.TestNGRunner">
        <test-method is-config="true" signature="setUpClass(org.testng.ITestContext)[pri:0, instance:runner.TestNGRunner@7a8c8dcf]" started-at="2023-03-15T19:55:39 EDT" name="setUpClass" finished-at="2023-03-15T19:55:40 EDT" duration-ms="1041" status="PASS">
          <params>
            <param index="0">
              <value>
                <![CDATA[org.testng.TestRunner@4047ca4d]]>
              </value>
            </param>
          </params>
          <reporter-output>
          </reporter-output>
        </test-method> <!-- setUpClass -->
        <test-method signature="runScenario(io.cucumber.testng.PickleWrapper,io.cucumber.testng.FeatureWrapper)[pri:0, instance:runner.TestNGRunner@7a8c8dcf]" started-at="2023-03-15T19:55:40 EDT" name="runScenario" description="Runs Cucumber Scenarios" data-provider="scenarios" finished-at="2023-03-15T19:55:45 EDT" duration-ms="5357" status="PASS">
          <params>
            <param index="0">
              <value>
                <![CDATA["User validate Home page"]]>
              </value>
            </param>
            <param index="1">
              <value>
                <![CDATA["Login into Home page"]]>
              </value>
            </param>
          </params>
          <reporter-output>
          </reporter-output>
        </test-method> <!-- runScenario -->
        <test-method signature="runScenario(io.cucumber.testng.PickleWrapper,io.cucumber.testng.FeatureWrapper)[pri:0, instance:runner.TestNGRunner@7a8c8dcf]" started-at="2023-03-15T19:55:45 EDT" name="runScenario" description="Runs Cucumber Scenarios" data-provider="scenarios" finished-at="2023-03-15T19:55:46 EDT" duration-ms="423" status="PASS">
          <params>
            <param index="0">
              <value>
                <![CDATA["The user is presented with error message for empty fields below Username textbox"]]>
              </value>
            </param>
            <param index="1">
              <value>
                <![CDATA["Registration page"]]>
              </value>
            </param>
          </params>
          <reporter-output>
          </reporter-output>
        </test-method> <!-- runScenario -->
        <test-method signature="runScenario(io.cucumber.testng.PickleWrapper,io.cucumber.testng.FeatureWrapper)[pri:0, instance:runner.TestNGRunner@7a8c8dcf]" started-at="2023-03-15T19:55:46 EDT" name="runScenario" description="Runs Cucumber Scenarios" data-provider="scenarios" finished-at="2023-03-15T19:55:46 EDT" duration-ms="669" status="PASS">
          <params>
            <param index="0">
              <value>
                <![CDATA["The user is presented with error message for empty fields below Password textbox"]]>
              </value>
            </param>
            <param index="1">
              <value>
                <![CDATA["Registration page"]]>
              </value>
            </param>
          </params>
          <reporter-output>
          </reporter-output>
        </test-method> <!-- runScenario -->
        <test-method signature="runScenario(io.cucumber.testng.PickleWrapper,io.cucumber.testng.FeatureWrapper)[pri:0, instance:runner.TestNGRunner@7a8c8dcf]" started-at="2023-03-15T19:55:46 EDT" name="runScenario" description="Runs Cucumber Scenarios" data-provider="scenarios" finished-at="2023-03-15T19:55:47 EDT" duration-ms="471" status="PASS">
          <params>
            <param index="0">
              <value>
                <![CDATA["The user is presented with error message for empty fields below Password Confirmation textbox"]]>
              </value>
            </param>
            <param index="1">
              <value>
                <![CDATA["Registration page"]]>
              </value>
            </param>
          </params>
          <reporter-output>
          </reporter-output>
        </test-method> <!-- runScenario -->
        <test-method signature="runScenario(io.cucumber.testng.PickleWrapper,io.cucumber.testng.FeatureWrapper)[pri:0, instance:runner.TestNGRunner@7a8c8dcf]" started-at="2023-03-15T19:55:47 EDT" name="runScenario" description="Runs Cucumber Scenarios" data-provider="scenarios" finished-at="2023-03-15T19:55:48 EDT" duration-ms="1266" status="FAIL">
          <params>
            <param index="0">
              <value>
                <![CDATA["The user is presented with error message for invalid username"]]>
              </value>
            </param>
            <param index="1">
              <value>
                <![CDATA["Registration page"]]>
              </value>
            </param>
          </params>
          <exception class="org.junit.ComparisonFailure">
            <message>
              <![CDATA[expected:<[password_mismatch:The two password fields didn’t match.]> but was:<[Please enter a valid username]>]]>
            </message>
            <full-stacktrace>
              <![CDATA[org.junit.ComparisonFailure: expected:<[password_mismatch:The two password fields didn’t match.]> but was:<[Please enter a valid username]>
at org.junit.Assert.assertEquals(Assert.java:117)
at org.junit.Assert.assertEquals(Assert.java:146)
at com.dsalgo.pageobjects.RegistrationPage.errormessagevalidation(RegistrationPage.java:81)
at StepdefinitionHomepage.Registration_Stepdef.it_should_display_an_error_message(Registration_Stepdef.java:114)
at ✽.It should display an error message "Please enter a valid username"(file:///C:/Users/User/eclipse-workspace/Ninja_Conqueror_DS_Algo_Project/src/test/resources/features/2_Registration.feature:51)
]]>
            </full-stacktrace>
          </exception> <!-- org.junit.ComparisonFailure -->
          <reporter-output>
          </reporter-output>
        </test-method> <!-- runScenario -->
        <test-method signature="runScenario(io.cucumber.testng.PickleWrapper,io.cucumber.testng.FeatureWrapper)[pri:0, instance:runner.TestNGRunner@7a8c8dcf]" started-at="2023-03-15T19:55:48 EDT" name="runScenario" description="Runs Cucumber Scenarios" data-provider="scenarios" finished-at="2023-03-15T19:55:49 EDT" duration-ms="1155" status="FAIL">
          <params>
            <param index="0">
              <value>
                <![CDATA["The user is presented with error message for username already exists"]]>
              </value>
            </param>
            <param index="1">
              <value>
                <![CDATA["Registration page"]]>
              </value>
            </param>
          </params>
          <exception class="org.junit.ComparisonFailure">
            <message>
              <![CDATA[expected:<[password_mismatch:The two password fields didn’t match.]> but was:<[Username already exists]>]]>
            </message>
            <full-stacktrace>
              <![CDATA[org.junit.ComparisonFailure: expected:<[password_mismatch:The two password fields didn’t match.]> but was:<[Username already exists]>
at org.junit.Assert.assertEquals(Assert.java:117)
at org.junit.Assert.assertEquals(Assert.java:146)
at com.dsalgo.pageobjects.RegistrationPage.errormessagevalidation(RegistrationPage.java:81)
at StepdefinitionHomepage.Registration_Stepdef.it_should_display_an_error_message(Registration_Stepdef.java:114)
at ✽.It should display an error message "Username already exists"(file:///C:/Users/User/eclipse-workspace/Ninja_Conqueror_DS_Algo_Project/src/test/resources/features/2_Registration.feature:59)
]]>
            </full-stacktrace>
          </exception> <!-- org.junit.ComparisonFailure -->
          <reporter-output>
          </reporter-output>
        </test-method> <!-- runScenario -->
        <test-method signature="runScenario(io.cucumber.testng.PickleWrapper,io.cucumber.testng.FeatureWrapper)[pri:0, instance:runner.TestNGRunner@7a8c8dcf]" started-at="2023-03-15T19:55:49 EDT" name="runScenario" description="Runs Cucumber Scenarios" data-provider="scenarios" finished-at="2023-03-15T19:55:50 EDT" duration-ms="731" status="PASS">
          <params>
            <param index="0">
              <value>
                <![CDATA["The user is presented with error message for password mismatch"]]>
              </value>
            </param>
            <param index="1">
              <value>
                <![CDATA["Registration page"]]>
              </value>
            </param>
          </params>
          <reporter-output>
          </reporter-output>
        </test-method> <!-- runScenario -->
        <test-method signature="runScenario(io.cucumber.testng.PickleWrapper,io.cucumber.testng.FeatureWrapper)[pri:0, instance:runner.TestNGRunner@7a8c8dcf]" started-at="2023-03-15T19:55:50 EDT" name="runScenario" description="Runs Cucumber Scenarios" data-provider="scenarios" finished-at="2023-03-15T19:55:51 EDT" duration-ms="1060" status="FAIL">
          <params>
            <param index="0">
              <value>
                <![CDATA["The user is presented with error message for password with characters less than eight"]]>
              </value>
            </param>
            <param index="1">
              <value>
                <![CDATA["Registration page"]]>
              </value>
            </param>
          </params>
          <exception class="org.junit.ComparisonFailure">
            <message>
              <![CDATA[expected:<[password_mismatch:The two password fields didn’t match.]> but was:<[Password should contain at least 8 characters]>]]>
            </message>
            <full-stacktrace>
              <![CDATA[org.junit.ComparisonFailure: expected:<[password_mismatch:The two password fields didn’t match.]> but was:<[Password should contain at least 8 characters]>
at org.junit.Assert.assertEquals(Assert.java:117)
at org.junit.Assert.assertEquals(Assert.java:146)
at com.dsalgo.pageobjects.RegistrationPage.errormessagevalidation(RegistrationPage.java:81)
at StepdefinitionHomepage.Registration_Stepdef.it_should_display_an_error_message(Registration_Stepdef.java:114)
at ✽.It should display an error message "Password should contain at least 8 characters"(file:///C:/Users/User/eclipse-workspace/Ninja_Conqueror_DS_Algo_Project/src/test/resources/features/2_Registration.feature:75)
]]>
            </full-stacktrace>
          </exception> <!-- org.junit.ComparisonFailure -->
          <reporter-output>
          </reporter-output>
        </test-method> <!-- runScenario -->
        <test-method signature="runScenario(io.cucumber.testng.PickleWrapper,io.cucumber.testng.FeatureWrapper)[pri:0, instance:runner.TestNGRunner@7a8c8dcf]" started-at="2023-03-15T19:55:51 EDT" name="runScenario" description="Runs Cucumber Scenarios" data-provider="scenarios" finished-at="2023-03-15T19:55:52 EDT" duration-ms="1161" status="FAIL">
          <params>
            <param index="0">
              <value>
                <![CDATA["The user is presented with error message for password with only numbers"]]>
              </value>
            </param>
            <param index="1">
              <value>
                <![CDATA["Registration page"]]>
              </value>
            </param>
          </params>
          <exception class="org.junit.ComparisonFailure">
            <message>
              <![CDATA[expected:<[password_mismatch:The two password fields didn’t match].> but was:<[Password can’t be entirely numeric].>]]>
            </message>
            <full-stacktrace>
              <![CDATA[org.junit.ComparisonFailure: expected:<[password_mismatch:The two password fields didn’t match].> but was:<[Password can’t be entirely numeric].>
at org.junit.Assert.assertEquals(Assert.java:117)
at org.junit.Assert.assertEquals(Assert.java:146)
at com.dsalgo.pageobjects.RegistrationPage.errormessagevalidation(RegistrationPage.java:81)
at StepdefinitionHomepage.Registration_Stepdef.it_should_display_an_error_message(Registration_Stepdef.java:114)
at ✽.It should display an error message "Password can’t be entirely numeric."(file:///C:/Users/User/eclipse-workspace/Ninja_Conqueror_DS_Algo_Project/src/test/resources/features/2_Registration.feature:83)
]]>
            </full-stacktrace>
          </exception> <!-- org.junit.ComparisonFailure -->
          <reporter-output>
          </reporter-output>
        </test-method> <!-- runScenario -->
        <test-method signature="runScenario(io.cucumber.testng.PickleWrapper,io.cucumber.testng.FeatureWrapper)[pri:0, instance:runner.TestNGRunner@7a8c8dcf]" started-at="2023-03-15T19:55:52 EDT" name="runScenario" description="Runs Cucumber Scenarios" data-provider="scenarios" finished-at="2023-03-15T19:55:53 EDT" duration-ms="1108" status="FAIL">
          <params>
            <param index="0">
              <value>
                <![CDATA["The user is presented with error message for password too similar to your other personal information"]]>
              </value>
            </param>
            <param index="1">
              <value>
                <![CDATA["Registration page"]]>
              </value>
            </param>
          </params>
          <exception class="org.junit.ComparisonFailure">
            <message>
              <![CDATA[expected:<password[_mismatch:The two password fields didn’t match].> but was:<password[ can’t be too similar to your other personal information].>]]>
            </message>
            <full-stacktrace>
              <![CDATA[org.junit.ComparisonFailure: expected:<password[_mismatch:The two password fields didn’t match].> but was:<password[ can’t be too similar to your other personal information].>
at org.junit.Assert.assertEquals(Assert.java:117)
at org.junit.Assert.assertEquals(Assert.java:146)
at com.dsalgo.pageobjects.RegistrationPage.errormessagevalidation(RegistrationPage.java:81)
at StepdefinitionHomepage.Registration_Stepdef.it_should_display_an_error_message(Registration_Stepdef.java:114)
at ✽.It should display an error message "password can’t be too similar to your other personal information."(file:///C:/Users/User/eclipse-workspace/Ninja_Conqueror_DS_Algo_Project/src/test/resources/features/2_Registration.feature:91)
]]>
            </full-stacktrace>
          </exception> <!-- org.junit.ComparisonFailure -->
          <reporter-output>
          </reporter-output>
        </test-method> <!-- runScenario -->
        <test-method signature="runScenario(io.cucumber.testng.PickleWrapper,io.cucumber.testng.FeatureWrapper)[pri:0, instance:runner.TestNGRunner@7a8c8dcf]" started-at="2023-03-15T19:55:53 EDT" name="runScenario" description="Runs Cucumber Scenarios" data-provider="scenarios" finished-at="2023-03-15T19:55:54 EDT" duration-ms="1111" status="FAIL">
          <params>
            <param index="0">
              <value>
                <![CDATA["The user is presented with error message for commonly used password"]]>
              </value>
            </param>
            <param index="1">
              <value>
                <![CDATA["Registration page"]]>
              </value>
            </param>
          </params>
          <exception class="org.junit.ComparisonFailure">
            <message>
              <![CDATA[expected:<[password_mismatch:The two password fields didn’t match.]> but was:<[Password can’t be commonly used password]>]]>
            </message>
            <full-stacktrace>
              <![CDATA[org.junit.ComparisonFailure: expected:<[password_mismatch:The two password fields didn’t match.]> but was:<[Password can’t be commonly used password]>
at org.junit.Assert.assertEquals(Assert.java:117)
at org.junit.Assert.assertEquals(Assert.java:146)
at com.dsalgo.pageobjects.RegistrationPage.errormessagevalidation(RegistrationPage.java:81)
at StepdefinitionHomepage.Registration_Stepdef.it_should_display_an_error_message(Registration_Stepdef.java:114)
at ✽.It should display an error message "Password can’t be commonly used password"(file:///C:/Users/User/eclipse-workspace/Ninja_Conqueror_DS_Algo_Project/src/test/resources/features/2_Registration.feature:99)
]]>
            </full-stacktrace>
          </exception> <!-- org.junit.ComparisonFailure -->
          <reporter-output>
          </reporter-output>
        </test-method> <!-- runScenario -->
        <test-method signature="runScenario(io.cucumber.testng.PickleWrapper,io.cucumber.testng.FeatureWrapper)[pri:0, instance:runner.TestNGRunner@7a8c8dcf]" started-at="2023-03-15T19:55:54 EDT" name="runScenario" description="Runs Cucumber Scenarios" data-provider="scenarios" finished-at="2023-03-15T19:55:55 EDT" duration-ms="705" status="PASS">
          <params>
            <param index="0">
              <value>
                <![CDATA["The user is presented with error message for commonly used password"]]>
              </value>
            </param>
            <param index="1">
              <value>
                <![CDATA["Registration page"]]>
              </value>
            </param>
          </params>
          <reporter-output>
          </reporter-output>
        </test-method> <!-- runScenario -->
        <test-method signature="runScenario(io.cucumber.testng.PickleWrapper,io.cucumber.testng.FeatureWrapper)[pri:0, instance:runner.TestNGRunner@7a8c8dcf]" started-at="2023-03-15T19:55:55 EDT" name="runScenario" description="Runs Cucumber Scenarios" data-provider="scenarios" finished-at="2023-03-15T19:55:56 EDT" duration-ms="515" status="PASS">
          <params>
            <param index="0">
              <value>
                <![CDATA["Verifying Register link"]]>
              </value>
            </param>
            <param index="1">
              <value>
                <![CDATA["SignInPage"]]>
              </value>
            </param>
          </params>
          <reporter-output>
          </reporter-output>
        </test-method> <!-- runScenario -->
        <test-method signature="runScenario(io.cucumber.testng.PickleWrapper,io.cucumber.testng.FeatureWrapper)[pri:0, instance:runner.TestNGRunner@7a8c8dcf]" started-at="2023-03-15T19:55:56 EDT" name="runScenario" description="Runs Cucumber Scenarios" data-provider="scenarios" finished-at="2023-03-15T19:55:56 EDT" duration-ms="673" status="PASS">
          <params>
            <param index="0">
              <value>
                <![CDATA["User on login page and login with invalid inputs"]]>
              </value>
            </param>
            <param index="1">
              <value>
                <![CDATA["SignInPage"]]>
              </value>
            </param>
          </params>
          <reporter-output>
          </reporter-output>
        </test-method> <!-- runScenario -->
        <test-method signature="runScenario(io.cucumber.testng.PickleWrapper,io.cucumber.testng.FeatureWrapper)[pri:0, instance:runner.TestNGRunner@7a8c8dcf]" started-at="2023-03-15T19:55:56 EDT" name="runScenario" description="Runs Cucumber Scenarios" data-provider="scenarios" finished-at="2023-03-15T19:55:59 EDT" duration-ms="2393" status="PASS">
          <params>
            <param index="0">
              <value>
                <![CDATA["User on login page and login with invalid and valid inputs from Excel"]]>
              </value>
            </param>
            <param index="1">
              <value>
                <![CDATA["SignInPage"]]>
              </value>
            </param>
          </params>
          <reporter-output>
          </reporter-output>
        </test-method> <!-- runScenario -->
        <test-method signature="runScenario(io.cucumber.testng.PickleWrapper,io.cucumber.testng.FeatureWrapper)[pri:0, instance:runner.TestNGRunner@7a8c8dcf]" started-at="2023-03-15T19:55:59 EDT" name="runScenario" description="Runs Cucumber Scenarios" data-provider="scenarios" finished-at="2023-03-15T19:55:59 EDT" duration-ms="25" status="PASS">
          <params>
            <param index="0">
              <value>
                <![CDATA["Verifying signout link"]]>
              </value>
            </param>
            <param index="1">
              <value>
                <![CDATA["SignInPage"]]>
              </value>
            </param>
          </params>
          <reporter-output>
          </reporter-output>
        </test-method> <!-- runScenario -->
        <test-method signature="runScenario(io.cucumber.testng.PickleWrapper,io.cucumber.testng.FeatureWrapper)[pri:0, instance:runner.TestNGRunner@7a8c8dcf]" started-at="2023-03-15T19:55:59 EDT" name="runScenario" description="Runs Cucumber Scenarios" data-provider="scenarios" finished-at="2023-03-15T19:56:00 EDT" duration-ms="952" status="PASS">
          <params>
            <param index="0">
              <value>
                <![CDATA["The user is logged in to DS Algo portal"]]>
              </value>
            </param>
            <param index="1">
              <value>
                <![CDATA["DataStructures Module"]]>
              </value>
            </param>
          </params>
          <reporter-output>
          </reporter-output>
        </test-method> <!-- runScenario -->
        <test-method signature="runScenario(io.cucumber.testng.PickleWrapper,io.cucumber.testng.FeatureWrapper)[pri:0, instance:runner.TestNGRunner@7a8c8dcf]" started-at="2023-03-15T19:56:00 EDT" name="runScenario" description="Runs Cucumber Scenarios" data-provider="scenarios" finished-at="2023-03-15T19:56:00 EDT" duration-ms="459" status="PASS">
          <params>
            <param index="0">
              <value>
                <![CDATA["The user is able to navigate to Data Structure introduction page"]]>
              </value>
            </param>
            <param index="1">
              <value>
                <![CDATA["DataStructures Module"]]>
              </value>
            </param>
          </params>
          <reporter-output>
          </reporter-output>
        </test-method> <!-- runScenario -->
        <test-method signature="runScenario(io.cucumber.testng.PickleWrapper,io.cucumber.testng.FeatureWrapper)[pri:0, instance:runner.TestNGRunner@7a8c8dcf]" started-at="2023-03-15T19:56:00 EDT" name="runScenario" description="Runs Cucumber Scenarios" data-provider="scenarios" finished-at="2023-03-15T19:56:01 EDT" duration-ms="447" status="PASS">
          <params>
            <param index="0">
              <value>
                <![CDATA["The user is able to navigate to Time Complexity page"]]>
              </value>
            </param>
            <param index="1">
              <value>
                <![CDATA["DataStructures Module"]]>
              </value>
            </param>
          </params>
          <reporter-output>
          </reporter-output>
        </test-method> <!-- runScenario -->
        <test-method signature="runScenario(io.cucumber.testng.PickleWrapper,io.cucumber.testng.FeatureWrapper)[pri:0, instance:runner.TestNGRunner@7a8c8dcf]" started-at="2023-03-15T19:56:01 EDT" name="runScenario" description="Runs Cucumber Scenarios" data-provider="scenarios" finished-at="2023-03-15T19:56:01 EDT" duration-ms="663" status="PASS">
          <params>
            <param index="0">
              <value>
                <![CDATA["The user is able to navigate to a page having an tryEditor from Time Complexity page"]]>
              </value>
            </param>
            <param index="1">
              <value>
                <![CDATA["DataStructures Module"]]>
              </value>
            </param>
          </params>
          <reporter-output>
          </reporter-output>
        </test-method> <!-- runScenario -->
        <test-method signature="runScenario(io.cucumber.testng.PickleWrapper,io.cucumber.testng.FeatureWrapper)[pri:0, instance:runner.TestNGRunner@7a8c8dcf]" started-at="2023-03-15T19:56:01 EDT" name="runScenario" description="Runs Cucumber Scenarios" data-provider="scenarios" finished-at="2023-03-15T19:56:02 EDT" duration-ms="801" status="PASS">
          <params>
            <param index="0">
              <value>
                <![CDATA["The user is able to run code in tryEditor for Time Complexity page"]]>
              </value>
            </param>
            <param index="1">
              <value>
                <![CDATA["DataStructures Module"]]>
              </value>
            </param>
          </params>
          <reporter-output>
          </reporter-output>
        </test-method> <!-- runScenario -->
        <test-method signature="runScenario(io.cucumber.testng.PickleWrapper,io.cucumber.testng.FeatureWrapper)[pri:0, instance:runner.TestNGRunner@7a8c8dcf]" started-at="2023-03-15T19:56:02 EDT" name="runScenario" description="Runs Cucumber Scenarios" data-provider="scenarios" finished-at="2023-03-15T19:56:03 EDT" duration-ms="1004" status="PASS">
          <params>
            <param index="0">
              <value>
                <![CDATA["The user is presented with error message for code with invalid syntax in tryEditor for Time Complexity page"]]>
              </value>
            </param>
            <param index="1">
              <value>
                <![CDATA["DataStructures Module"]]>
              </value>
            </param>
          </params>
          <reporter-output>
          </reporter-output>
        </test-method> <!-- runScenario -->
        <test-method signature="runScenario(io.cucumber.testng.PickleWrapper,io.cucumber.testng.FeatureWrapper)[pri:0, instance:runner.TestNGRunner@7a8c8dcf]" started-at="2023-03-15T19:56:03 EDT" name="runScenario" description="Runs Cucumber Scenarios" data-provider="scenarios" finished-at="2023-03-15T19:56:05 EDT" duration-ms="1965" status="PASS">
          <params>
            <param index="0">
              <value>
                <![CDATA["DS Algo portal"]]>
              </value>
            </param>
            <param index="1">
              <value>
                <![CDATA["Array module"]]>
              </value>
            </param>
          </params>
          <reporter-output>
          </reporter-output>
        </test-method> <!-- runScenario -->
        <test-method signature="runScenario(io.cucumber.testng.PickleWrapper,io.cucumber.testng.FeatureWrapper)[pri:0, instance:runner.TestNGRunner@7a8c8dcf]" started-at="2023-03-15T19:56:05 EDT" name="runScenario" description="Runs Cucumber Scenarios" data-provider="scenarios" finished-at="2023-03-15T19:56:07 EDT" duration-ms="2432" status="PASS">
          <params>
            <param index="0">
              <value>
                <![CDATA["The user is able to navigate to Arrays in Python page"]]>
              </value>
            </param>
            <param index="1">
              <value>
                <![CDATA["Array module"]]>
              </value>
            </param>
          </params>
          <reporter-output>
          </reporter-output>
        </test-method> <!-- runScenario -->
        <test-method signature="runScenario(io.cucumber.testng.PickleWrapper,io.cucumber.testng.FeatureWrapper)[pri:0, instance:runner.TestNGRunner@7a8c8dcf]" started-at="2023-03-15T19:56:07 EDT" name="runScenario" description="Runs Cucumber Scenarios" data-provider="scenarios" finished-at="2023-03-15T19:56:10 EDT" duration-ms="2417" status="PASS">
          <params>
            <param index="0">
              <value>
                <![CDATA["The user is able to navigate to Arrays Using List page"]]>
              </value>
            </param>
            <param index="1">
              <value>
                <![CDATA["Array module"]]>
              </value>
            </param>
          </params>
          <reporter-output>
          </reporter-output>
        </test-method> <!-- runScenario -->
        <test-method signature="runScenario(io.cucumber.testng.PickleWrapper,io.cucumber.testng.FeatureWrapper)[pri:0, instance:runner.TestNGRunner@7a8c8dcf]" started-at="2023-03-15T19:56:10 EDT" name="runScenario" description="Runs Cucumber Scenarios" data-provider="scenarios" finished-at="2023-03-15T19:56:12 EDT" duration-ms="2470" status="PASS">
          <params>
            <param index="0">
              <value>
                <![CDATA["The user is able to navigate to Basic Operation List page"]]>
              </value>
            </param>
            <param index="1">
              <value>
                <![CDATA["Array module"]]>
              </value>
            </param>
          </params>
          <reporter-output>
          </reporter-output>
        </test-method> <!-- runScenario -->
        <test-method signature="runScenario(io.cucumber.testng.PickleWrapper,io.cucumber.testng.FeatureWrapper)[pri:0, instance:runner.TestNGRunner@7a8c8dcf]" started-at="2023-03-15T19:56:12 EDT" name="runScenario" description="Runs Cucumber Scenarios" data-provider="scenarios" finished-at="2023-03-15T19:56:15 EDT" duration-ms="2410" status="PASS">
          <params>
            <param index="0">
              <value>
                <![CDATA["The user is able to navigate to Application of Array page"]]>
              </value>
            </param>
            <param index="1">
              <value>
                <![CDATA["Array module"]]>
              </value>
            </param>
          </params>
          <reporter-output>
          </reporter-output>
        </test-method> <!-- runScenario -->
        <test-method signature="runScenario(io.cucumber.testng.PickleWrapper,io.cucumber.testng.FeatureWrapper)[pri:0, instance:runner.TestNGRunner@7a8c8dcf]" started-at="2023-03-15T19:56:15 EDT" name="runScenario" description="Runs Cucumber Scenarios" data-provider="scenarios" finished-at="2023-03-15T19:56:17 EDT" duration-ms="2360" status="PASS">
          <params>
            <param index="0">
              <value>
                <![CDATA["The user is able to navigate to Practice qns search the array page"]]>
              </value>
            </param>
            <param index="1">
              <value>
                <![CDATA["Array module"]]>
              </value>
            </param>
          </params>
          <reporter-output>
          </reporter-output>
        </test-method> <!-- runScenario -->
        <test-method signature="runScenario(io.cucumber.testng.PickleWrapper,io.cucumber.testng.FeatureWrapper)[pri:0, instance:runner.TestNGRunner@7a8c8dcf]" started-at="2023-03-15T19:56:17 EDT" name="runScenario" description="Runs Cucumber Scenarios" data-provider="scenarios" finished-at="2023-03-15T19:56:20 EDT" duration-ms="2676" status="PASS">
          <params>
            <param index="0">
              <value>
                <![CDATA["The user is able to navigate to Practice qns Max Consecutive ones page"]]>
              </value>
            </param>
            <param index="1">
              <value>
                <![CDATA["Array module"]]>
              </value>
            </param>
          </params>
          <reporter-output>
          </reporter-output>
        </test-method> <!-- runScenario -->
        <test-method signature="runScenario(io.cucumber.testng.PickleWrapper,io.cucumber.testng.FeatureWrapper)[pri:0, instance:runner.TestNGRunner@7a8c8dcf]" started-at="2023-03-15T19:56:20 EDT" name="runScenario" description="Runs Cucumber Scenarios" data-provider="scenarios" finished-at="2023-03-15T19:56:22 EDT" duration-ms="2604" status="PASS">
          <params>
            <param index="0">
              <value>
                <![CDATA["The user is able to navigate to Practice qns find odd or even number page"]]>
              </value>
            </param>
            <param index="1">
              <value>
                <![CDATA["Array module"]]>
              </value>
            </param>
          </params>
          <reporter-output>
          </reporter-output>
        </test-method> <!-- runScenario -->
        <test-method signature="runScenario(io.cucumber.testng.PickleWrapper,io.cucumber.testng.FeatureWrapper)[pri:0, instance:runner.TestNGRunner@7a8c8dcf]" started-at="2023-03-15T19:56:22 EDT" name="runScenario" description="Runs Cucumber Scenarios" data-provider="scenarios" finished-at="2023-03-15T19:56:25 EDT" duration-ms="2988" status="PASS">
          <params>
            <param index="0">
              <value>
                <![CDATA["The user is able to navigate to Practice qns Square of Sorted Array page"]]>
              </value>
            </param>
            <param index="1">
              <value>
                <![CDATA["Array module"]]>
              </value>
            </param>
          </params>
          <reporter-output>
          </reporter-output>
        </test-method> <!-- runScenario -->
        <test-method signature="runScenario(io.cucumber.testng.PickleWrapper,io.cucumber.testng.FeatureWrapper)[pri:0, instance:runner.TestNGRunner@7a8c8dcf]" started-at="2023-03-15T19:56:25 EDT" name="runScenario" description="Runs Cucumber Scenarios" data-provider="scenarios" finished-at="2023-03-15T19:56:27 EDT" duration-ms="1904" status="PASS">
          <params>
            <param index="0">
              <value>
                <![CDATA["The user is logged in to DS Algo portal"]]>
              </value>
            </param>
            <param index="1">
              <value>
                <![CDATA["Linked list module"]]>
              </value>
            </param>
          </params>
          <reporter-output>
          </reporter-output>
        </test-method> <!-- runScenario -->
        <test-method signature="runScenario(io.cucumber.testng.PickleWrapper,io.cucumber.testng.FeatureWrapper)[pri:0, instance:runner.TestNGRunner@7a8c8dcf]" started-at="2023-03-15T19:56:27 EDT" name="runScenario" description="Runs Cucumber Scenarios" data-provider="scenarios" finished-at="2023-03-15T19:56:29 EDT" duration-ms="1965" status="PASS">
          <params>
            <param index="0">
              <value>
                <![CDATA["The user is able to navigate to Introduction page"]]>
              </value>
            </param>
            <param index="1">
              <value>
                <![CDATA["Linked list module"]]>
              </value>
            </param>
          </params>
          <reporter-output>
          </reporter-output>
        </test-method> <!-- runScenario -->
        <test-method signature="runScenario(io.cucumber.testng.PickleWrapper,io.cucumber.testng.FeatureWrapper)[pri:0, instance:runner.TestNGRunner@7a8c8dcf]" started-at="2023-03-15T19:56:29 EDT" name="runScenario" description="Runs Cucumber Scenarios" data-provider="scenarios" finished-at="2023-03-15T19:56:31 EDT" duration-ms="2081" status="PASS">
          <params>
            <param index="0">
              <value>
                <![CDATA["The user is able to navigate to creating Linked List page"]]>
              </value>
            </param>
            <param index="1">
              <value>
                <![CDATA["Linked list module"]]>
              </value>
            </param>
          </params>
          <reporter-output>
          </reporter-output>
        </test-method> <!-- runScenario -->
        <test-method signature="runScenario(io.cucumber.testng.PickleWrapper,io.cucumber.testng.FeatureWrapper)[pri:0, instance:runner.TestNGRunner@7a8c8dcf]" started-at="2023-03-15T19:56:31 EDT" name="runScenario" description="Runs Cucumber Scenarios" data-provider="scenarios" finished-at="2023-03-15T19:56:33 EDT" duration-ms="2116" status="PASS">
          <params>
            <param index="0">
              <value>
                <![CDATA["The user is able to navigate to Types of Linked List page"]]>
              </value>
            </param>
            <param index="1">
              <value>
                <![CDATA["Linked list module"]]>
              </value>
            </param>
          </params>
          <reporter-output>
          </reporter-output>
        </test-method> <!-- runScenario -->
        <test-method signature="runScenario(io.cucumber.testng.PickleWrapper,io.cucumber.testng.FeatureWrapper)[pri:0, instance:runner.TestNGRunner@7a8c8dcf]" started-at="2023-03-15T19:56:33 EDT" name="runScenario" description="Runs Cucumber Scenarios" data-provider="scenarios" finished-at="2023-03-15T19:56:36 EDT" duration-ms="2134" status="PASS">
          <params>
            <param index="0">
              <value>
                <![CDATA["The user is able to navigate to Implement Linked List in python page"]]>
              </value>
            </param>
            <param index="1">
              <value>
                <![CDATA["Linked list module"]]>
              </value>
            </param>
          </params>
          <reporter-output>
          </reporter-output>
        </test-method> <!-- runScenario -->
        <test-method signature="runScenario(io.cucumber.testng.PickleWrapper,io.cucumber.testng.FeatureWrapper)[pri:0, instance:runner.TestNGRunner@7a8c8dcf]" started-at="2023-03-15T19:56:36 EDT" name="runScenario" description="Runs Cucumber Scenarios" data-provider="scenarios" finished-at="2023-03-15T19:56:38 EDT" duration-ms="2127" status="PASS">
          <params>
            <param index="0">
              <value>
                <![CDATA["The user is able to navigate to Traversal page"]]>
              </value>
            </param>
            <param index="1">
              <value>
                <![CDATA["Linked list module"]]>
              </value>
            </param>
          </params>
          <reporter-output>
          </reporter-output>
        </test-method> <!-- runScenario -->
        <test-method signature="runScenario(io.cucumber.testng.PickleWrapper,io.cucumber.testng.FeatureWrapper)[pri:0, instance:runner.TestNGRunner@7a8c8dcf]" started-at="2023-03-15T19:56:38 EDT" name="runScenario" description="Runs Cucumber Scenarios" data-provider="scenarios" finished-at="2023-03-15T19:56:40 EDT" duration-ms="2163" status="PASS">
          <params>
            <param index="0">
              <value>
                <![CDATA["The user is able to navigate to Insertion page"]]>
              </value>
            </param>
            <param index="1">
              <value>
                <![CDATA["Linked list module"]]>
              </value>
            </param>
          </params>
          <reporter-output>
          </reporter-output>
        </test-method> <!-- runScenario -->
        <test-method signature="runScenario(io.cucumber.testng.PickleWrapper,io.cucumber.testng.FeatureWrapper)[pri:0, instance:runner.TestNGRunner@7a8c8dcf]" started-at="2023-03-15T19:56:40 EDT" name="runScenario" description="Runs Cucumber Scenarios" data-provider="scenarios" finished-at="2023-03-15T19:56:42 EDT" duration-ms="2191" status="PASS">
          <params>
            <param index="0">
              <value>
                <![CDATA["The user is able to navigate to Deletion page"]]>
              </value>
            </param>
            <param index="1">
              <value>
                <![CDATA["Linked list module"]]>
              </value>
            </param>
          </params>
          <reporter-output>
          </reporter-output>
        </test-method> <!-- runScenario -->
        <test-method signature="runScenario(io.cucumber.testng.PickleWrapper,io.cucumber.testng.FeatureWrapper)[pri:0, instance:runner.TestNGRunner@7a8c8dcf]" started-at="2023-03-15T19:56:42 EDT" name="runScenario" description="Runs Cucumber Scenarios" data-provider="scenarios" finished-at="2023-03-15T19:56:43 EDT" duration-ms="1335" status="PASS">
          <params>
            <param index="0">
              <value>
                <![CDATA["The user is able to navigate to Practice qns page"]]>
              </value>
            </param>
            <param index="1">
              <value>
                <![CDATA["Linked list module"]]>
              </value>
            </param>
          </params>
          <reporter-output>
          </reporter-output>
        </test-method> <!-- runScenario -->
        <test-method signature="runScenario(io.cucumber.testng.PickleWrapper,io.cucumber.testng.FeatureWrapper)[pri:0, instance:runner.TestNGRunner@7a8c8dcf]" started-at="2023-03-15T19:56:43 EDT" name="runScenario" description="Runs Cucumber Scenarios" data-provider="scenarios" finished-at="2023-03-15T19:56:44 EDT" duration-ms="911" status="PASS">
          <params>
            <param index="0">
              <value>
                <![CDATA["The user is logged in to DS Algo portal"]]>
              </value>
            </param>
            <param index="1">
              <value>
                <![CDATA["Stack"]]>
              </value>
            </param>
          </params>
          <reporter-output>
          </reporter-output>
        </test-method> <!-- runScenario -->
        <test-method signature="runScenario(io.cucumber.testng.PickleWrapper,io.cucumber.testng.FeatureWrapper)[pri:0, instance:runner.TestNGRunner@7a8c8dcf]" started-at="2023-03-15T19:56:44 EDT" name="runScenario" description="Runs Cucumber Scenarios" data-provider="scenarios" finished-at="2023-03-15T19:56:45 EDT" duration-ms="331" status="PASS">
          <params>
            <param index="0">
              <value>
                <![CDATA["The user is directed to "Stack" Page"]]>
              </value>
            </param>
            <param index="1">
              <value>
                <![CDATA["Stack"]]>
              </value>
            </param>
          </params>
          <reporter-output>
          </reporter-output>
        </test-method> <!-- runScenario -->
        <test-method signature="runScenario(io.cucumber.testng.PickleWrapper,io.cucumber.testng.FeatureWrapper)[pri:0, instance:runner.TestNGRunner@7a8c8dcf]" started-at="2023-03-15T19:56:45 EDT" name="runScenario" description="Runs Cucumber Scenarios" data-provider="scenarios" finished-at="2023-03-15T19:56:45 EDT" duration-ms="559" status="PASS">
          <params>
            <param index="0">
              <value>
                <![CDATA["The user is able to navigate to "Operations in Stack" page"]]>
              </value>
            </param>
            <param index="1">
              <value>
                <![CDATA["Stack"]]>
              </value>
            </param>
          </params>
          <reporter-output>
          </reporter-output>
        </test-method> <!-- runScenario -->
        <test-method signature="runScenario(io.cucumber.testng.PickleWrapper,io.cucumber.testng.FeatureWrapper)[pri:0, instance:runner.TestNGRunner@7a8c8dcf]" started-at="2023-03-15T19:56:45 EDT" name="runScenario" description="Runs Cucumber Scenarios" data-provider="scenarios" finished-at="2023-03-15T19:56:46 EDT" duration-ms="362" status="PASS">
          <params>
            <param index="0">
              <value>
                <![CDATA["The user is able to navigate to a page having an tryEditor"]]>
              </value>
            </param>
            <param index="1">
              <value>
                <![CDATA["Stack"]]>
              </value>
            </param>
          </params>
          <reporter-output>
          </reporter-output>
        </test-method> <!-- runScenario -->
        <test-method signature="runScenario(io.cucumber.testng.PickleWrapper,io.cucumber.testng.FeatureWrapper)[pri:0, instance:runner.TestNGRunner@7a8c8dcf]" started-at="2023-03-15T19:56:46 EDT" name="runScenario" description="Runs Cucumber Scenarios" data-provider="scenarios" finished-at="2023-03-15T19:56:46 EDT" duration-ms="514" status="PASS">
          <params>
            <param index="0">
              <value>
                <![CDATA["The user is able to run code in tryEditor"]]>
              </value>
            </param>
            <param index="1">
              <value>
                <![CDATA["Stack"]]>
              </value>
            </param>
          </params>
          <reporter-output>
          </reporter-output>
        </test-method> <!-- runScenario -->
        <test-method signature="runScenario(io.cucumber.testng.PickleWrapper,io.cucumber.testng.FeatureWrapper)[pri:0, instance:runner.TestNGRunner@7a8c8dcf]" started-at="2023-03-15T19:56:46 EDT" name="runScenario" description="Runs Cucumber Scenarios" data-provider="scenarios" finished-at="2023-03-15T19:56:47 EDT" duration-ms="443" status="PASS">
          <params>
            <param index="0">
              <value>
                <![CDATA["The user is able to get the error message for invalid syntax"]]>
              </value>
            </param>
            <param index="1">
              <value>
                <![CDATA["Stack"]]>
              </value>
            </param>
          </params>
          <reporter-output>
          </reporter-output>
        </test-method> <!-- runScenario -->
        <test-method signature="runScenario(io.cucumber.testng.PickleWrapper,io.cucumber.testng.FeatureWrapper)[pri:0, instance:runner.TestNGRunner@7a8c8dcf]" started-at="2023-03-15T19:56:47 EDT" name="runScenario" description="Runs Cucumber Scenarios" data-provider="scenarios" finished-at="2023-03-15T19:56:47 EDT" duration-ms="359" status="PASS">
          <params>
            <param index="0">
              <value>
                <![CDATA["The user is able to navigate to "Implementation" Page"]]>
              </value>
            </param>
            <param index="1">
              <value>
                <![CDATA["Stack"]]>
              </value>
            </param>
          </params>
          <reporter-output>
          </reporter-output>
        </test-method> <!-- runScenario -->
        <test-method signature="runScenario(io.cucumber.testng.PickleWrapper,io.cucumber.testng.FeatureWrapper)[pri:0, instance:runner.TestNGRunner@7a8c8dcf]" started-at="2023-03-15T19:56:47 EDT" name="runScenario" description="Runs Cucumber Scenarios" data-provider="scenarios" finished-at="2023-03-15T19:56:47 EDT" duration-ms="381" status="PASS">
          <params>
            <param index="0">
              <value>
                <![CDATA["The user is able to navigate to Implementation page having an tryeditor"]]>
              </value>
            </param>
            <param index="1">
              <value>
                <![CDATA["Stack"]]>
              </value>
            </param>
          </params>
          <reporter-output>
          </reporter-output>
        </test-method> <!-- runScenario -->
        <test-method signature="runScenario(io.cucumber.testng.PickleWrapper,io.cucumber.testng.FeatureWrapper)[pri:0, instance:runner.TestNGRunner@7a8c8dcf]" started-at="2023-03-15T19:56:47 EDT" name="runScenario" description="Runs Cucumber Scenarios" data-provider="scenarios" finished-at="2023-03-15T19:56:48 EDT" duration-ms="512" status="PASS">
          <params>
            <param index="0">
              <value>
                <![CDATA["The user is able to run code in tryEditor"]]>
              </value>
            </param>
            <param index="1">
              <value>
                <![CDATA["Stack"]]>
              </value>
            </param>
          </params>
          <reporter-output>
          </reporter-output>
        </test-method> <!-- runScenario -->
        <test-method signature="runScenario(io.cucumber.testng.PickleWrapper,io.cucumber.testng.FeatureWrapper)[pri:0, instance:runner.TestNGRunner@7a8c8dcf]" started-at="2023-03-15T19:56:48 EDT" name="runScenario" description="Runs Cucumber Scenarios" data-provider="scenarios" finished-at="2023-03-15T19:56:48 EDT" duration-ms="418" status="PASS">
          <params>
            <param index="0">
              <value>
                <![CDATA["The user is able to get the error message for invalid syntax"]]>
              </value>
            </param>
            <param index="1">
              <value>
                <![CDATA["Stack"]]>
              </value>
            </param>
          </params>
          <reporter-output>
          </reporter-output>
        </test-method> <!-- runScenario -->
        <test-method signature="runScenario(io.cucumber.testng.PickleWrapper,io.cucumber.testng.FeatureWrapper)[pri:0, instance:runner.TestNGRunner@7a8c8dcf]" started-at="2023-03-15T19:56:48 EDT" name="runScenario" description="Runs Cucumber Scenarios" data-provider="scenarios" finished-at="2023-03-15T19:56:49 EDT" duration-ms="411" status="PASS">
          <params>
            <param index="0">
              <value>
                <![CDATA["The user is able to navigate to "Applications" in stack Page"]]>
              </value>
            </param>
            <param index="1">
              <value>
                <![CDATA["Stack"]]>
              </value>
            </param>
          </params>
          <reporter-output>
          </reporter-output>
        </test-method> <!-- runScenario -->
        <test-method signature="runScenario(io.cucumber.testng.PickleWrapper,io.cucumber.testng.FeatureWrapper)[pri:0, instance:runner.TestNGRunner@7a8c8dcf]" started-at="2023-03-15T19:56:49 EDT" name="runScenario" description="Runs Cucumber Scenarios" data-provider="scenarios" finished-at="2023-03-15T19:56:49 EDT" duration-ms="353" status="PASS">
          <params>
            <param index="0">
              <value>
                <![CDATA["The user is able to navigate to Applications page having an tryEditor"]]>
              </value>
            </param>
            <param index="1">
              <value>
                <![CDATA["Stack"]]>
              </value>
            </param>
          </params>
          <reporter-output>
          </reporter-output>
        </test-method> <!-- runScenario -->
        <test-method signature="runScenario(io.cucumber.testng.PickleWrapper,io.cucumber.testng.FeatureWrapper)[pri:0, instance:runner.TestNGRunner@7a8c8dcf]" started-at="2023-03-15T19:56:49 EDT" name="runScenario" description="Runs Cucumber Scenarios" data-provider="scenarios" finished-at="2023-03-15T19:56:49 EDT" duration-ms="485" status="PASS">
          <params>
            <param index="0">
              <value>
                <![CDATA["The user is able to run code in tryEditor"]]>
              </value>
            </param>
            <param index="1">
              <value>
                <![CDATA["Stack"]]>
              </value>
            </param>
          </params>
          <reporter-output>
          </reporter-output>
        </test-method> <!-- runScenario -->
        <test-method signature="runScenario(io.cucumber.testng.PickleWrapper,io.cucumber.testng.FeatureWrapper)[pri:0, instance:runner.TestNGRunner@7a8c8dcf]" started-at="2023-03-15T19:56:49 EDT" name="runScenario" description="Runs Cucumber Scenarios" data-provider="scenarios" finished-at="2023-03-15T19:56:50 EDT" duration-ms="452" status="PASS">
          <params>
            <param index="0">
              <value>
                <![CDATA["The user is able to get the error message for invalid syntax"]]>
              </value>
            </param>
            <param index="1">
              <value>
                <![CDATA["Stack"]]>
              </value>
            </param>
          </params>
          <reporter-output>
          </reporter-output>
        </test-method> <!-- runScenario -->
        <test-method signature="runScenario(io.cucumber.testng.PickleWrapper,io.cucumber.testng.FeatureWrapper)[pri:0, instance:runner.TestNGRunner@7a8c8dcf]" started-at="2023-03-15T19:56:50 EDT" name="runScenario" description="Runs Cucumber Scenarios" data-provider="scenarios" finished-at="2023-03-15T19:56:51 EDT" duration-ms="910" status="PASS">
          <params>
            <param index="0">
              <value>
                <![CDATA["The user is able to navigate to "Practice Questions" in stack Page"]]>
              </value>
            </param>
            <param index="1">
              <value>
                <![CDATA["Stack"]]>
              </value>
            </param>
          </params>
          <reporter-output>
          </reporter-output>
        </test-method> <!-- runScenario -->
        <test-method signature="runScenario(io.cucumber.testng.PickleWrapper,io.cucumber.testng.FeatureWrapper)[pri:0, instance:runner.TestNGRunner@7a8c8dcf]" started-at="2023-03-15T19:56:51 EDT" name="runScenario" description="Runs Cucumber Scenarios" data-provider="scenarios" finished-at="2023-03-15T19:56:52 EDT" duration-ms="903" status="PASS">
          <params>
            <param index="0">
              <value>
                <![CDATA["The user is logged in to DS Algo portal"]]>
              </value>
            </param>
            <param index="1">
              <value>
                <![CDATA["Queue"]]>
              </value>
            </param>
          </params>
          <reporter-output>
          </reporter-output>
        </test-method> <!-- runScenario -->
        <test-method signature="runScenario(io.cucumber.testng.PickleWrapper,io.cucumber.testng.FeatureWrapper)[pri:0, instance:runner.TestNGRunner@7a8c8dcf]" started-at="2023-03-15T19:56:52 EDT" name="runScenario" description="Runs Cucumber Scenarios" data-provider="scenarios" finished-at="2023-03-15T19:56:52 EDT" duration-ms="329" status="PASS">
          <params>
            <param index="0">
              <value>
                <![CDATA["The user is able to navigate to Queue Data Structure Page"]]>
              </value>
            </param>
            <param index="1">
              <value>
                <![CDATA["Queue"]]>
              </value>
            </param>
          </params>
          <reporter-output>
          </reporter-output>
        </test-method> <!-- runScenario -->
        <test-method signature="runScenario(io.cucumber.testng.PickleWrapper,io.cucumber.testng.FeatureWrapper)[pri:0, instance:runner.TestNGRunner@7a8c8dcf]" started-at="2023-03-15T19:56:52 EDT" name="runScenario" description="Runs Cucumber Scenarios" data-provider="scenarios" finished-at="2023-03-15T19:56:53 EDT" duration-ms="521" status="PASS">
          <params>
            <param index="0">
              <value>
                <![CDATA["The user is able to navigate to Implementation of Queue in Python link page"]]>
              </value>
            </param>
            <param index="1">
              <value>
                <![CDATA["Queue"]]>
              </value>
            </param>
          </params>
          <reporter-output>
          </reporter-output>
        </test-method> <!-- runScenario -->
        <test-method signature="runScenario(io.cucumber.testng.PickleWrapper,io.cucumber.testng.FeatureWrapper)[pri:0, instance:runner.TestNGRunner@7a8c8dcf]" started-at="2023-03-15T19:56:53 EDT" name="runScenario" description="Runs Cucumber Scenarios" data-provider="scenarios" finished-at="2023-03-15T19:56:53 EDT" duration-ms="347" status="PASS">
          <params>
            <param index="0">
              <value>
                <![CDATA["The user should be directed to editor page with run button to test python code"]]>
              </value>
            </param>
            <param index="1">
              <value>
                <![CDATA["Queue"]]>
              </value>
            </param>
          </params>
          <reporter-output>
          </reporter-output>
        </test-method> <!-- runScenario -->
        <test-method signature="runScenario(io.cucumber.testng.PickleWrapper,io.cucumber.testng.FeatureWrapper)[pri:0, instance:runner.TestNGRunner@7a8c8dcf]" started-at="2023-03-15T19:56:53 EDT" name="runScenario" description="Runs Cucumber Scenarios" data-provider="scenarios" finished-at="2023-03-15T19:56:53 EDT" duration-ms="513" status="PASS">
          <params>
            <param index="0">
              <value>
                <![CDATA["The user is able to run code in Editor for Implementation of queue page"]]>
              </value>
            </param>
            <param index="1">
              <value>
                <![CDATA["Queue"]]>
              </value>
            </param>
          </params>
          <reporter-output>
          </reporter-output>
        </test-method> <!-- runScenario -->
        <test-method signature="runScenario(io.cucumber.testng.PickleWrapper,io.cucumber.testng.FeatureWrapper)[pri:0, instance:runner.TestNGRunner@7a8c8dcf]" started-at="2023-03-15T19:56:53 EDT" name="runScenario" description="Runs Cucumber Scenarios" data-provider="scenarios" finished-at="2023-03-15T19:56:54 EDT" duration-ms="435" status="PASS">
          <params>
            <param index="0">
              <value>
                <![CDATA["The user is presented with error message for invalid code in Editor for Implementation of queue page"]]>
              </value>
            </param>
            <param index="1">
              <value>
                <![CDATA["Queue"]]>
              </value>
            </param>
          </params>
          <reporter-output>
          </reporter-output>
        </test-method> <!-- runScenario -->
        <test-method signature="runScenario(io.cucumber.testng.PickleWrapper,io.cucumber.testng.FeatureWrapper)[pri:0, instance:runner.TestNGRunner@7a8c8dcf]" started-at="2023-03-15T19:56:54 EDT" name="runScenario" description="Runs Cucumber Scenarios" data-provider="scenarios" finished-at="2023-03-15T19:56:54 EDT" duration-ms="365" status="PASS">
          <params>
            <param index="0">
              <value>
                <![CDATA["The user is able to navigate to queue page and click on Implementation using collections deque link"]]>
              </value>
            </param>
            <param index="1">
              <value>
                <![CDATA["Queue"]]>
              </value>
            </param>
          </params>
          <reporter-output>
          </reporter-output>
        </test-method> <!-- runScenario -->
        <test-method signature="runScenario(io.cucumber.testng.PickleWrapper,io.cucumber.testng.FeatureWrapper)[pri:0, instance:runner.TestNGRunner@7a8c8dcf]" started-at="2023-03-15T19:56:54 EDT" name="runScenario" description="Runs Cucumber Scenarios" data-provider="scenarios" finished-at="2023-03-15T19:56:55 EDT" duration-ms="377" status="PASS">
          <params>
            <param index="0">
              <value>
                <![CDATA["The user should be directed to editor page with run button to test python code from Implementation using collections page"]]>
              </value>
            </param>
            <param index="1">
              <value>
                <![CDATA["Queue"]]>
              </value>
            </param>
          </params>
          <reporter-output>
          </reporter-output>
        </test-method> <!-- runScenario -->
        <test-method signature="runScenario(io.cucumber.testng.PickleWrapper,io.cucumber.testng.FeatureWrapper)[pri:0, instance:runner.TestNGRunner@7a8c8dcf]" started-at="2023-03-15T19:56:55 EDT" name="runScenario" description="Runs Cucumber Scenarios" data-provider="scenarios" finished-at="2023-03-15T19:56:55 EDT" duration-ms="457" status="PASS">
          <params>
            <param index="0">
              <value>
                <![CDATA["The user is able to run code in Editor for Implementation using collections page"]]>
              </value>
            </param>
            <param index="1">
              <value>
                <![CDATA["Queue"]]>
              </value>
            </param>
          </params>
          <reporter-output>
          </reporter-output>
        </test-method> <!-- runScenario -->
        <test-method signature="runScenario(io.cucumber.testng.PickleWrapper,io.cucumber.testng.FeatureWrapper)[pri:0, instance:runner.TestNGRunner@7a8c8dcf]" started-at="2023-03-15T19:56:55 EDT" name="runScenario" description="Runs Cucumber Scenarios" data-provider="scenarios" finished-at="2023-03-15T19:56:56 EDT" duration-ms="462" status="PASS">
          <params>
            <param index="0">
              <value>
                <![CDATA["The user is presented with error message for invalid code in Editor for Implementation using collections page"]]>
              </value>
            </param>
            <param index="1">
              <value>
                <![CDATA["Queue"]]>
              </value>
            </param>
          </params>
          <reporter-output>
          </reporter-output>
        </test-method> <!-- runScenario -->
        <test-method signature="runScenario(io.cucumber.testng.PickleWrapper,io.cucumber.testng.FeatureWrapper)[pri:0, instance:runner.TestNGRunner@7a8c8dcf]" started-at="2023-03-15T19:56:56 EDT" name="runScenario" description="Runs Cucumber Scenarios" data-provider="scenarios" finished-at="2023-03-15T19:56:56 EDT" duration-ms="401" status="PASS">
          <params>
            <param index="0">
              <value>
                <![CDATA["The user is able to navigate to queue page and click on Implementation using array link"]]>
              </value>
            </param>
            <param index="1">
              <value>
                <![CDATA["Queue"]]>
              </value>
            </param>
          </params>
          <reporter-output>
          </reporter-output>
        </test-method> <!-- runScenario -->
        <test-method signature="runScenario(io.cucumber.testng.PickleWrapper,io.cucumber.testng.FeatureWrapper)[pri:0, instance:runner.TestNGRunner@7a8c8dcf]" started-at="2023-03-15T19:56:56 EDT" name="runScenario" description="Runs Cucumber Scenarios" data-provider="scenarios" finished-at="2023-03-15T19:56:56 EDT" duration-ms="351" status="PASS">
          <params>
            <param index="0">
              <value>
                <![CDATA["The user should be directed to editor page with run button to test python code from Implementation using array page"]]>
              </value>
            </param>
            <param index="1">
              <value>
                <![CDATA["Queue"]]>
              </value>
            </param>
          </params>
          <reporter-output>
          </reporter-output>
        </test-method> <!-- runScenario -->
        <test-method signature="runScenario(io.cucumber.testng.PickleWrapper,io.cucumber.testng.FeatureWrapper)[pri:0, instance:runner.TestNGRunner@7a8c8dcf]" started-at="2023-03-15T19:56:56 EDT" name="runScenario" description="Runs Cucumber Scenarios" data-provider="scenarios" finished-at="2023-03-15T19:56:57 EDT" duration-ms="486" status="PASS">
          <params>
            <param index="0">
              <value>
                <![CDATA["The user is able to run code in Editor for Implementation using collections page"]]>
              </value>
            </param>
            <param index="1">
              <value>
                <![CDATA["Queue"]]>
              </value>
            </param>
          </params>
          <reporter-output>
          </reporter-output>
        </test-method> <!-- runScenario -->
        <test-method signature="runScenario(io.cucumber.testng.PickleWrapper,io.cucumber.testng.FeatureWrapper)[pri:0, instance:runner.TestNGRunner@7a8c8dcf]" started-at="2023-03-15T19:56:57 EDT" name="runScenario" description="Runs Cucumber Scenarios" data-provider="scenarios" finished-at="2023-03-15T19:56:57 EDT" duration-ms="435" status="PASS">
          <params>
            <param index="0">
              <value>
                <![CDATA["The user is presented with error message for invalid code in Editor for Implementation using array page"]]>
              </value>
            </param>
            <param index="1">
              <value>
                <![CDATA["Queue"]]>
              </value>
            </param>
          </params>
          <reporter-output>
          </reporter-output>
        </test-method> <!-- runScenario -->
        <test-method signature="runScenario(io.cucumber.testng.PickleWrapper,io.cucumber.testng.FeatureWrapper)[pri:0, instance:runner.TestNGRunner@7a8c8dcf]" started-at="2023-03-15T19:56:57 EDT" name="runScenario" description="Runs Cucumber Scenarios" data-provider="scenarios" finished-at="2023-03-15T19:56:58 EDT" duration-ms="343" status="PASS">
          <params>
            <param index="0">
              <value>
                <![CDATA["The user is able to navigate to queue page and click on Queue Operations link"]]>
              </value>
            </param>
            <param index="1">
              <value>
                <![CDATA["Queue"]]>
              </value>
            </param>
          </params>
          <reporter-output>
          </reporter-output>
        </test-method> <!-- runScenario -->
        <test-method signature="runScenario(io.cucumber.testng.PickleWrapper,io.cucumber.testng.FeatureWrapper)[pri:0, instance:runner.TestNGRunner@7a8c8dcf]" started-at="2023-03-15T19:56:58 EDT" name="runScenario" description="Runs Cucumber Scenarios" data-provider="scenarios" finished-at="2023-03-15T19:56:58 EDT" duration-ms="373" status="PASS">
          <params>
            <param index="0">
              <value>
                <![CDATA["The user should be directed to editor page with run button to test python code"]]>
              </value>
            </param>
            <param index="1">
              <value>
                <![CDATA["Queue"]]>
              </value>
            </param>
          </params>
          <reporter-output>
          </reporter-output>
        </test-method> <!-- runScenario -->
        <test-method signature="runScenario(io.cucumber.testng.PickleWrapper,io.cucumber.testng.FeatureWrapper)[pri:0, instance:runner.TestNGRunner@7a8c8dcf]" started-at="2023-03-15T19:56:58 EDT" name="runScenario" description="Runs Cucumber Scenarios" data-provider="scenarios" finished-at="2023-03-15T19:56:58 EDT" duration-ms="493" status="PASS">
          <params>
            <param index="0">
              <value>
                <![CDATA["The user is able to run code in Editor for Queue Operations page"]]>
              </value>
            </param>
            <param index="1">
              <value>
                <![CDATA["Queue"]]>
              </value>
            </param>
          </params>
          <reporter-output>
          </reporter-output>
        </test-method> <!-- runScenario -->
        <test-method signature="runScenario(io.cucumber.testng.PickleWrapper,io.cucumber.testng.FeatureWrapper)[pri:0, instance:runner.TestNGRunner@7a8c8dcf]" started-at="2023-03-15T19:56:58 EDT" name="runScenario" description="Runs Cucumber Scenarios" data-provider="scenarios" finished-at="2023-03-15T19:56:59 EDT" duration-ms="442" status="PASS">
          <params>
            <param index="0">
              <value>
                <![CDATA["The user is presented with error message for invalid code in Editor"]]>
              </value>
            </param>
            <param index="1">
              <value>
                <![CDATA["Queue"]]>
              </value>
            </param>
          </params>
          <reporter-output>
          </reporter-output>
        </test-method> <!-- runScenario -->
        <test-method signature="runScenario(io.cucumber.testng.PickleWrapper,io.cucumber.testng.FeatureWrapper)[pri:0, instance:runner.TestNGRunner@7a8c8dcf]" started-at="2023-03-15T19:56:59 EDT" name="runScenario" description="Runs Cucumber Scenarios" data-provider="scenarios" finished-at="2023-03-15T19:57:00 EDT" duration-ms="977" status="PASS">
          <params>
            <param index="0">
              <value>
                <![CDATA["The user is able to navigate to QueueOp page and click on Practice Questions"]]>
              </value>
            </param>
            <param index="1">
              <value>
                <![CDATA["Queue"]]>
              </value>
            </param>
          </params>
          <reporter-output>
          </reporter-output>
        </test-method> <!-- runScenario -->
        <test-method signature="runScenario(io.cucumber.testng.PickleWrapper,io.cucumber.testng.FeatureWrapper)[pri:0, instance:runner.TestNGRunner@7a8c8dcf]" started-at="2023-03-15T19:57:00 EDT" name="runScenario" description="Runs Cucumber Scenarios" data-provider="scenarios" finished-at="2023-03-15T19:57:02 EDT" duration-ms="1879" status="PASS">
          <params>
            <param index="0">
              <value>
                <![CDATA["DS Algo portal"]]>
              </value>
            </param>
            <param index="1">
              <value>
                <![CDATA["Graph page"]]>
              </value>
            </param>
          </params>
          <reporter-output>
          </reporter-output>
        </test-method> <!-- runScenario -->
        <test-method signature="runScenario(io.cucumber.testng.PickleWrapper,io.cucumber.testng.FeatureWrapper)[pri:0, instance:runner.TestNGRunner@7a8c8dcf]" started-at="2023-03-15T19:57:02 EDT" name="runScenario" description="Runs Cucumber Scenarios" data-provider="scenarios" finished-at="2023-03-15T19:57:03 EDT" duration-ms="1624" status="PASS">
          <params>
            <param index="0">
              <value>
                <![CDATA["User navigate to Graph page"]]>
              </value>
            </param>
            <param index="1">
              <value>
                <![CDATA["Graph page"]]>
              </value>
            </param>
          </params>
          <reporter-output>
          </reporter-output>
        </test-method> <!-- runScenario -->
        <test-method signature="runScenario(io.cucumber.testng.PickleWrapper,io.cucumber.testng.FeatureWrapper)[pri:0, instance:runner.TestNGRunner@7a8c8dcf]" started-at="2023-03-15T19:57:03 EDT" name="runScenario" description="Runs Cucumber Scenarios" data-provider="scenarios" finished-at="2023-03-15T19:57:06 EDT" duration-ms="2225" status="PASS">
          <params>
            <param index="0">
              <value>
                <![CDATA["User navigate to Graph Representation page"]]>
              </value>
            </param>
            <param index="1">
              <value>
                <![CDATA["Graph page"]]>
              </value>
            </param>
          </params>
          <reporter-output>
          </reporter-output>
        </test-method> <!-- runScenario -->
        <test-method signature="runScenario(io.cucumber.testng.PickleWrapper,io.cucumber.testng.FeatureWrapper)[pri:0, instance:runner.TestNGRunner@7a8c8dcf]" started-at="2023-03-15T19:57:06 EDT" name="runScenario" description="Runs Cucumber Scenarios" data-provider="scenarios" finished-at="2023-03-15T19:57:06 EDT" duration-ms="789" status="PASS">
          <params>
            <param index="0">
              <value>
                <![CDATA["User navigate to Practice page"]]>
              </value>
            </param>
            <param index="1">
              <value>
                <![CDATA["Graph page"]]>
              </value>
            </param>
          </params>
          <reporter-output>
          </reporter-output>
        </test-method> <!-- runScenario -->
        <test-method signature="runScenario(io.cucumber.testng.PickleWrapper,io.cucumber.testng.FeatureWrapper)[pri:0, instance:runner.TestNGRunner@7a8c8dcf]" started-at="2023-03-15T19:57:06 EDT" name="runScenario" description="Runs Cucumber Scenarios" data-provider="scenarios" finished-at="2023-03-15T19:57:07 EDT" duration-ms="900" status="PASS">
          <params>
            <param index="0">
              <value>
                <![CDATA["The user is logged in to DS Algo portal"]]>
              </value>
            </param>
            <param index="1">
              <value>
                <![CDATA["TreePage"]]>
              </value>
            </param>
          </params>
          <reporter-output>
          </reporter-output>
        </test-method> <!-- runScenario -->
        <test-method signature="runScenario(io.cucumber.testng.PickleWrapper,io.cucumber.testng.FeatureWrapper)[pri:0, instance:runner.TestNGRunner@7a8c8dcf]" started-at="2023-03-15T19:57:07 EDT" name="runScenario" description="Runs Cucumber Scenarios" data-provider="scenarios" finished-at="2023-03-15T19:57:08 EDT" duration-ms="452" status="PASS">
          <params>
            <param index="0">
              <value>
                <![CDATA["The user is directed to "Tree" Page"]]>
              </value>
            </param>
            <param index="1">
              <value>
                <![CDATA["TreePage"]]>
              </value>
            </param>
          </params>
          <reporter-output>
          </reporter-output>
        </test-method> <!-- runScenario -->
        <test-method signature="runScenario(io.cucumber.testng.PickleWrapper,io.cucumber.testng.FeatureWrapper)[pri:0, instance:runner.TestNGRunner@7a8c8dcf]" started-at="2023-03-15T19:57:08 EDT" name="runScenario" description="Runs Cucumber Scenarios" data-provider="scenarios" finished-at="2023-03-15T19:57:08 EDT" duration-ms="409" status="PASS">
          <params>
            <param index="0">
              <value>
                <![CDATA["The user is able to navigate to "Overview of Trees" page"]]>
              </value>
            </param>
            <param index="1">
              <value>
                <![CDATA["TreePage"]]>
              </value>
            </param>
          </params>
          <reporter-output>
          </reporter-output>
        </test-method> <!-- runScenario -->
        <test-method signature="runScenario(io.cucumber.testng.PickleWrapper,io.cucumber.testng.FeatureWrapper)[pri:0, instance:runner.TestNGRunner@7a8c8dcf]" started-at="2023-03-15T19:57:08 EDT" name="runScenario" description="Runs Cucumber Scenarios" data-provider="scenarios" finished-at="2023-03-15T19:57:09 EDT" duration-ms="380" status="PASS">
          <params>
            <param index="0">
              <value>
                <![CDATA["The user is able to navigate to a Overview of Trees page having an tryEditor"]]>
              </value>
            </param>
            <param index="1">
              <value>
                <![CDATA["TreePage"]]>
              </value>
            </param>
          </params>
          <reporter-output>
          </reporter-output>
        </test-method> <!-- runScenario -->
        <test-method signature="runScenario(io.cucumber.testng.PickleWrapper,io.cucumber.testng.FeatureWrapper)[pri:0, instance:runner.TestNGRunner@7a8c8dcf]" started-at="2023-03-15T19:57:09 EDT" name="runScenario" description="Runs Cucumber Scenarios" data-provider="scenarios" finished-at="2023-03-15T19:57:09 EDT" duration-ms="836" status="PASS">
          <params>
            <param index="0">
              <value>
                <![CDATA["The user is able to run code in tryEditor"]]>
              </value>
            </param>
            <param index="1">
              <value>
                <![CDATA["TreePage"]]>
              </value>
            </param>
          </params>
          <reporter-output>
          </reporter-output>
        </test-method> <!-- runScenario -->
        <test-method signature="runScenario(io.cucumber.testng.PickleWrapper,io.cucumber.testng.FeatureWrapper)[pri:0, instance:runner.TestNGRunner@7a8c8dcf]" started-at="2023-03-15T19:57:09 EDT" name="runScenario" description="Runs Cucumber Scenarios" data-provider="scenarios" finished-at="2023-03-15T19:57:10 EDT" duration-ms="647" status="PASS">
          <params>
            <param index="0">
              <value>
                <![CDATA["The user is able to get the error message for invalid syantax"]]>
              </value>
            </param>
            <param index="1">
              <value>
                <![CDATA["TreePage"]]>
              </value>
            </param>
          </params>
          <reporter-output>
          </reporter-output>
        </test-method> <!-- runScenario -->
        <test-method signature="runScenario(io.cucumber.testng.PickleWrapper,io.cucumber.testng.FeatureWrapper)[pri:0, instance:runner.TestNGRunner@7a8c8dcf]" started-at="2023-03-15T19:57:10 EDT" name="runScenario" description="Runs Cucumber Scenarios" data-provider="scenarios" finished-at="2023-03-15T19:57:11 EDT" duration-ms="488" status="PASS">
          <params>
            <param index="0">
              <value>
                <![CDATA["The user is able to navigate to "Terminologies" Page"]]>
              </value>
            </param>
            <param index="1">
              <value>
                <![CDATA["TreePage"]]>
              </value>
            </param>
          </params>
          <reporter-output>
          </reporter-output>
        </test-method> <!-- runScenario -->
        <test-method signature="runScenario(io.cucumber.testng.PickleWrapper,io.cucumber.testng.FeatureWrapper)[pri:0, instance:runner.TestNGRunner@7a8c8dcf]" started-at="2023-03-15T19:57:11 EDT" name="runScenario" description="Runs Cucumber Scenarios" data-provider="scenarios" finished-at="2023-03-15T19:57:11 EDT" duration-ms="371" status="PASS">
          <params>
            <param index="0">
              <value>
                <![CDATA["The user is able to navigate to Terminologies page having an tryEditor"]]>
              </value>
            </param>
            <param index="1">
              <value>
                <![CDATA["TreePage"]]>
              </value>
            </param>
          </params>
          <reporter-output>
          </reporter-output>
        </test-method> <!-- runScenario -->
        <test-method signature="runScenario(io.cucumber.testng.PickleWrapper,io.cucumber.testng.FeatureWrapper)[pri:0, instance:runner.TestNGRunner@7a8c8dcf]" started-at="2023-03-15T19:57:11 EDT" name="runScenario" description="Runs Cucumber Scenarios" data-provider="scenarios" finished-at="2023-03-15T19:57:12 EDT" duration-ms="866" status="PASS">
          <params>
            <param index="0">
              <value>
                <![CDATA["The user is able to run code in tryEditor"]]>
              </value>
            </param>
            <param index="1">
              <value>
                <![CDATA["TreePage"]]>
              </value>
            </param>
          </params>
          <reporter-output>
          </reporter-output>
        </test-method> <!-- runScenario -->
        <test-method signature="runScenario(io.cucumber.testng.PickleWrapper,io.cucumber.testng.FeatureWrapper)[pri:0, instance:runner.TestNGRunner@7a8c8dcf]" started-at="2023-03-15T19:57:12 EDT" name="runScenario" description="Runs Cucumber Scenarios" data-provider="scenarios" finished-at="2023-03-15T19:57:12 EDT" duration-ms="720" status="PASS">
          <params>
            <param index="0">
              <value>
                <![CDATA["The user is able to get the error message for invalid syantax"]]>
              </value>
            </param>
            <param index="1">
              <value>
                <![CDATA["TreePage"]]>
              </value>
            </param>
          </params>
          <reporter-output>
          </reporter-output>
        </test-method> <!-- runScenario -->
        <test-method signature="runScenario(io.cucumber.testng.PickleWrapper,io.cucumber.testng.FeatureWrapper)[pri:0, instance:runner.TestNGRunner@7a8c8dcf]" started-at="2023-03-15T19:57:12 EDT" name="runScenario" description="Runs Cucumber Scenarios" data-provider="scenarios" finished-at="2023-03-15T19:57:13 EDT" duration-ms="474" status="PASS">
          <params>
[...]
        <test-method signature="runScenario(io.cucumber.testng.PickleWrapper,io.cucumber.testng.FeatureWrapper)[pri:0, instance:runner.TestNGRunner@7a8c8dcf]" started-at="2023-03-15T19:57:25 EDT" name="runScenario" description="Runs Cucumber Scenarios" data-provider="scenarios" finished-at="2023-03-15T19:57:25 EDT" duration-ms="316" status="PASS">
          <params>
            <param index="0">
              <value>
                <![CDATA["The user is able to navigate to Implementation in Python page having an tryEditor"]]>
              </value>
            </param>
            <param index="1">
              <value>
                <![CDATA["TreePage"]]>
              </value>
            </param>
          </params>
          <reporter-output>
          </reporter-output>
        </test-method> <!-- runScenario -->
        <test-method signature="runScenario(io.cucumber.testng.PickleWrapper,io.cucumber.testng.FeatureWrapper)[pri:0, instance:runner.TestNGRunner@7a8c8dcf]" started-at="2023-03-15T19:57:25 EDT" name="runScenario" description="Runs Cucumber Scenarios" data-provider="scenarios" finished-at="2023-03-15T19:57:26 EDT" duration-ms="867" status="PASS">
          <params>
            <param index="0">
              <value>
                <![CDATA["The user is able to run code in tryEditor"]]>
              </value>
            </param>
            <param index="1">
              <value>
                <![CDATA["TreePage"]]>
              </value>
            </param>
          </params>
          <reporter-output>
          </reporter-output>
        </test-method> <!-- runScenario -->
        <test-method signature="runScenario(io.cucumber.testng.PickleWrapper,io.cucumber.testng.FeatureWrapper)[pri:0, instance:runner.TestNGRunner@7a8c8dcf]" started-at="2023-03-15T19:57:26 EDT" name="runScenario" description="Runs Cucumber Scenarios" data-provider="scenarios" finished-at="2023-03-15T19:57:26 EDT" duration-ms="654" status="PASS">
          <params>
            <param index="0">
              <value>
                <![CDATA["The user is able to get the error message for invalid syantax"]]>
              </value>
            </param>
            <param index="1">
              <value>
                <![CDATA["TreePage"]]>
              </value>
            </param>
          </params>
          <reporter-output>
          </reporter-output>
        </test-method> <!-- runScenario -->
        <test-method signature="runScenario(io.cucumber.testng.PickleWrapper,io.cucumber.testng.FeatureWrapper)[pri:0, instance:runner.TestNGRunner@7a8c8dcf]" started-at="2023-03-15T19:57:26 EDT" name="runScenario" description="Runs Cucumber Scenarios" data-provider="scenarios" finished-at="2023-03-15T19:57:27 EDT" duration-ms="434" status="PASS">
          <params>
            <param index="0">
              <value>
                <![CDATA["The user is able to navigate to binary tree traversals Page"]]>
              </value>
            </param>
            <param index="1">
              <value>
                <![CDATA["TreePage"]]>
              </value>
            </param>
          </params>
          <reporter-output>
          </reporter-output>
        </test-method> <!-- runScenario -->
        <test-method signature="runScenario(io.cucumber.testng.PickleWrapper,io.cucumber.testng.FeatureWrapper)[pri:0, instance:runner.TestNGRunner@7a8c8dcf]" started-at="2023-03-15T19:57:27 EDT" name="runScenario" description="Runs Cucumber Scenarios" data-provider="scenarios" finished-at="2023-03-15T19:57:27 EDT" duration-ms="336" status="PASS">
          <params>
            <param index="0">
              <value>
                <![CDATA["The user is able to navigate to Binary Tree Traversals page having an tryEditor"]]>
              </value>
            </param>
            <param index="1">
              <value>
                <![CDATA["TreePage"]]>
              </value>
            </param>
          </params>
          <reporter-output>
          </reporter-output>
        </test-method> <!-- runScenario -->
        <test-method signature="runScenario(io.cucumber.testng.PickleWrapper,io.cucumber.testng.FeatureWrapper)[pri:0, instance:runner.TestNGRunner@7a8c8dcf]" started-at="2023-03-15T19:57:27 EDT" name="runScenario" description="Runs Cucumber Scenarios" data-provider="scenarios" finished-at="2023-03-15T19:57:28 EDT" duration-ms="821" status="PASS">
          <params>
            <param index="0">
              <value>
                <![CDATA["The user is able to run code in tryEditor"]]>
              </value>
            </param>
            <param index="1">
              <value>
                <![CDATA["TreePage"]]>
              </value>
            </param>
          </params>
          <reporter-output>
          </reporter-output>
        </test-method> <!-- runScenario -->
        <test-method signature="runScenario(io.cucumber.testng.PickleWrapper,io.cucumber.testng.FeatureWrapper)[pri:0, instance:runner.TestNGRunner@7a8c8dcf]" started-at="2023-03-15T19:57:28 EDT" name="runScenario" description="Runs Cucumber Scenarios" data-provider="scenarios" finished-at="2023-03-15T19:57:29 EDT" duration-ms="675" status="PASS">
          <params>
            <param index="0">
              <value>
                <![CDATA["The user is able to get the error message for invalid syantax"]]>
              </value>
            </param>
            <param index="1">
              <value>
                <![CDATA["TreePage"]]>
              </value>
            </param>
          </params>
          <reporter-output>
          </reporter-output>
        </test-method> <!-- runScenario -->
        <test-method signature="runScenario(io.cucumber.testng.PickleWrapper,io.cucumber.testng.FeatureWrapper)[pri:0, instance:runner.TestNGRunner@7a8c8dcf]" started-at="2023-03-15T19:57:29 EDT" name="runScenario" description="Runs Cucumber Scenarios" data-provider="scenarios" finished-at="2023-03-15T19:57:29 EDT" duration-ms="439" status="PASS">
          <params>
            <param index="0">
              <value>
                <![CDATA["The user is able to navigate to Implementation of Binary Trees Page"]]>
              </value>
            </param>
            <param index="1">
              <value>
                <![CDATA["TreePage"]]>
              </value>
            </param>
          </params>
          <reporter-output>
          </reporter-output>
        </test-method> <!-- runScenario -->
        <test-method signature="runScenario(io.cucumber.testng.PickleWrapper,io.cucumber.testng.FeatureWrapper)[pri:0, instance:runner.TestNGRunner@7a8c8dcf]" started-at="2023-03-15T19:57:29 EDT" name="runScenario" description="Runs Cucumber Scenarios" data-provider="scenarios" finished-at="2023-03-15T19:57:29 EDT" duration-ms="324" status="PASS">
          <params>
            <param index="0">
              <value>
                <![CDATA["The user is able to navigate to Implementation of Binary Trees page having an tryEditor"]]>
              </value>
            </param>
            <param index="1">
              <value>
                <![CDATA["TreePage"]]>
              </value>
            </param>
          </params>
          <reporter-output>
          </reporter-output>
        </test-method> <!-- runScenario -->
        <test-method signature="runScenario(io.cucumber.testng.PickleWrapper,io.cucumber.testng.FeatureWrapper)[pri:0, instance:runner.TestNGRunner@7a8c8dcf]" started-at="2023-03-15T19:57:29 EDT" name="runScenario" description="Runs Cucumber Scenarios" data-provider="scenarios" finished-at="2023-03-15T19:57:30 EDT" duration-ms="826" status="PASS">
          <params>
            <param index="0">
              <value>
                <![CDATA["The user is able to run code in tryEditor"]]>
              </value>
            </param>
            <param index="1">
              <value>
                <![CDATA["TreePage"]]>
              </value>
            </param>
          </params>
          <reporter-output>
          </reporter-output>
        </test-method> <!-- runScenario -->
        <test-method signature="runScenario(io.cucumber.testng.PickleWrapper,io.cucumber.testng.FeatureWrapper)[pri:0, instance:runner.TestNGRunner@7a8c8dcf]" started-at="2023-03-15T19:57:30 EDT" name="runScenario" description="Runs Cucumber Scenarios" data-provider="scenarios" finished-at="2023-03-15T19:57:31 EDT" duration-ms="688" status="PASS">
          <params>
            <param index="0">
              <value>
                <![CDATA["The user is able to get the error message for invalid syantax"]]>
              </value>
            </param>
            <param index="1">
              <value>
                <![CDATA["TreePage"]]>
              </value>
            </param>
          </params>
          <reporter-output>
          </reporter-output>
        </test-method> <!-- runScenario -->
        <test-method signature="runScenario(io.cucumber.testng.PickleWrapper,io.cucumber.testng.FeatureWrapper)[pri:0, instance:runner.TestNGRunner@7a8c8dcf]" started-at="2023-03-15T19:57:31 EDT" name="runScenario" description="Runs Cucumber Scenarios" data-provider="scenarios" finished-at="2023-03-15T19:57:31 EDT" duration-ms="450" status="PASS">
          <params>
            <param index="0">
              <value>
                <![CDATA["The user is able to navigate to Applications of Binary Trees Page"]]>
              </value>
            </param>
            <param index="1">
              <value>
                <![CDATA["TreePage"]]>
              </value>
            </param>
          </params>
          <reporter-output>
          </reporter-output>
        </test-method> <!-- runScenario -->
        <test-method signature="runScenario(io.cucumber.testng.PickleWrapper,io.cucumber.testng.FeatureWrapper)[pri:0, instance:runner.TestNGRunner@7a8c8dcf]" started-at="2023-03-15T19:57:31 EDT" name="runScenario" description="Runs Cucumber Scenarios" data-provider="scenarios" finished-at="2023-03-15T19:57:32 EDT" duration-ms="339" status="PASS">
          <params>
            <param index="0">
              <value>
                <![CDATA["The user is able to navigate to Applications of Binary trees page having an tryEditor"]]>
              </value>
            </param>
            <param index="1">
              <value>
                <![CDATA["TreePage"]]>
              </value>
            </param>
          </params>
          <reporter-output>
          </reporter-output>
        </test-method> <!-- runScenario -->
        <test-method signature="runScenario(io.cucumber.testng.PickleWrapper,io.cucumber.testng.FeatureWrapper)[pri:0, instance:runner.TestNGRunner@7a8c8dcf]" started-at="2023-03-15T19:57:32 EDT" name="runScenario" description="Runs Cucumber Scenarios" data-provider="scenarios" finished-at="2023-03-15T19:57:33 EDT" duration-ms="853" status="PASS">
          <params>
            <param index="0">
              <value>
                <![CDATA["The user is able to run code in tryEditor"]]>
              </value>
            </param>
            <param index="1">
              <value>
                <![CDATA["TreePage"]]>
              </value>
            </param>
          </params>
          <reporter-output>
          </reporter-output>
        </test-method> <!-- runScenario -->
        <test-method signature="runScenario(io.cucumber.testng.PickleWrapper,io.cucumber.testng.FeatureWrapper)[pri:0, instance:runner.TestNGRunner@7a8c8dcf]" started-at="2023-03-15T19:57:33 EDT" name="runScenario" description="Runs Cucumber Scenarios" data-provider="scenarios" finished-at="2023-03-15T19:57:33 EDT" duration-ms="700" status="PASS">
          <params>
            <param index="0">
              <value>
                <![CDATA["The user is able to get the error message for invalid syantax"]]>
              </value>
            </param>
            <param index="1">
              <value>
                <![CDATA["TreePage"]]>
              </value>
            </param>
          </params>
          <reporter-output>
          </reporter-output>
        </test-method> <!-- runScenario -->
        <test-method signature="runScenario(io.cucumber.testng.PickleWrapper,io.cucumber.testng.FeatureWrapper)[pri:0, instance:runner.TestNGRunner@7a8c8dcf]" started-at="2023-03-15T19:57:33 EDT" name="runScenario" description="Runs Cucumber Scenarios" data-provider="scenarios" finished-at="2023-03-15T19:57:34 EDT" duration-ms="536" status="PASS">
          <params>
            <param index="0">
              <value>
                <![CDATA["The user is able to navigate to "Binary Search Trees" Page"]]>
              </value>
            </param>
            <param index="1">
              <value>
                <![CDATA["TreePage"]]>
              </value>
            </param>
          </params>
          <reporter-output>
          </reporter-output>
        </test-method> <!-- runScenario -->
        <test-method signature="runScenario(io.cucumber.testng.PickleWrapper,io.cucumber.testng.FeatureWrapper)[pri:0, instance:runner.TestNGRunner@7a8c8dcf]" started-at="2023-03-15T19:57:34 EDT" name="runScenario" description="Runs Cucumber Scenarios" data-provider="scenarios" finished-at="2023-03-15T19:57:34 EDT" duration-ms="394" status="PASS">
          <params>
            <param index="0">
              <value>
                <![CDATA["The user is able to navigate to Binary Search Trees page having an tryEditor"]]>
              </value>
            </param>
            <param index="1">
              <value>
                <![CDATA["TreePage"]]>
              </value>
            </param>
          </params>
          <reporter-output>
          </reporter-output>
        </test-method> <!-- runScenario -->
        <test-method signature="runScenario(io.cucumber.testng.PickleWrapper,io.cucumber.testng.FeatureWrapper)[pri:0, instance:runner.TestNGRunner@7a8c8dcf]" started-at="2023-03-15T19:57:34 EDT" name="runScenario" description="Runs Cucumber Scenarios" data-provider="scenarios" finished-at="2023-03-15T19:57:35 EDT" duration-ms="855" status="PASS">
          <params>
            <param index="0">
              <value>
                <![CDATA["The user is able to run code in tryEditor"]]>
              </value>
            </param>
            <param index="1">
              <value>
                <![CDATA["TreePage"]]>
              </value>
            </param>
          </params>
          <reporter-output>
          </reporter-output>
        </test-method> <!-- runScenario -->
        <test-method signature="runScenario(io.cucumber.testng.PickleWrapper,io.cucumber.testng.FeatureWrapper)[pri:0, instance:runner.TestNGRunner@7a8c8dcf]" started-at="2023-03-15T19:57:35 EDT" name="runScenario" description="Runs Cucumber Scenarios" data-provider="scenarios" finished-at="2023-03-15T19:57:36 EDT" duration-ms="649" status="PASS">
          <params>
            <param index="0">
              <value>
                <![CDATA["The user is able to get the error message for invalid syantax"]]>
              </value>
            </param>
            <param index="1">
              <value>
                <![CDATA["TreePage"]]>
              </value>
            </param>
          </params>
          <reporter-output>
          </reporter-output>
        </test-method> <!-- runScenario -->
        <test-method signature="runScenario(io.cucumber.testng.PickleWrapper,io.cucumber.testng.FeatureWrapper)[pri:0, instance:runner.TestNGRunner@7a8c8dcf]" started-at="2023-03-15T19:57:36 EDT" name="runScenario" description="Runs Cucumber Scenarios" data-provider="scenarios" finished-at="2023-03-15T19:57:36 EDT" duration-ms="475" status="PASS">
          <params>
            <param index="0">
              <value>
                <![CDATA["The user is able to navigate to "Implementation of BST" Page"]]>
              </value>
            </param>
            <param index="1">
              <value>
                <![CDATA["TreePage"]]>
              </value>
            </param>
          </params>
          <reporter-output>
          </reporter-output>
        </test-method> <!-- runScenario -->
        <test-method signature="runScenario(io.cucumber.testng.PickleWrapper,io.cucumber.testng.FeatureWrapper)[pri:0, instance:runner.TestNGRunner@7a8c8dcf]" started-at="2023-03-15T19:57:36 EDT" name="runScenario" description="Runs Cucumber Scenarios" data-provider="scenarios" finished-at="2023-03-15T19:57:37 EDT" duration-ms="323" status="PASS">
          <params>
            <param index="0">
              <value>
                <![CDATA["The user is able to navigate to Implementation of BST page having an tryEditor"]]>
              </value>
            </param>
            <param index="1">
              <value>
                <![CDATA["TreePage"]]>
              </value>
            </param>
          </params>
          <reporter-output>
          </reporter-output>
        </test-method> <!-- runScenario -->
        <test-method signature="runScenario(io.cucumber.testng.PickleWrapper,io.cucumber.testng.FeatureWrapper)[pri:0, instance:runner.TestNGRunner@7a8c8dcf]" started-at="2023-03-15T19:57:37 EDT" name="runScenario" description="Runs Cucumber Scenarios" data-provider="scenarios" finished-at="2023-03-15T19:57:37 EDT" duration-ms="813" status="PASS">
          <params>
            <param index="0">
              <value>
                <![CDATA["The user is able to run code in tryEditor"]]>
              </value>
            </param>
            <param index="1">
              <value>
                <![CDATA["TreePage"]]>
              </value>
            </param>
          </params>
          <reporter-output>
          </reporter-output>
        </test-method> <!-- runScenario -->
        <test-method signature="runScenario(io.cucumber.testng.PickleWrapper,io.cucumber.testng.FeatureWrapper)[pri:0, instance:runner.TestNGRunner@7a8c8dcf]" started-at="2023-03-15T19:57:37 EDT" name="runScenario" description="Runs Cucumber Scenarios" data-provider="scenarios" finished-at="2023-03-15T19:57:38 EDT" duration-ms="677" status="PASS">
          <params>
            <param index="0">
              <value>
                <![CDATA["The user is able to get the error message for invalid syantax"]]>
              </value>
            </param>
            <param index="1">
              <value>
                <![CDATA["TreePage"]]>
              </value>
            </param>
          </params>
          <reporter-output>
          </reporter-output>
        </test-method> <!-- runScenario -->
        <test-method signature="runScenario(io.cucumber.testng.PickleWrapper,io.cucumber.testng.FeatureWrapper)[pri:0, instance:runner.TestNGRunner@7a8c8dcf]" started-at="2023-03-15T19:57:38 EDT" name="runScenario" description="Runs Cucumber Scenarios" data-provider="scenarios" finished-at="2023-03-15T19:57:39 EDT" duration-ms="1447" status="PASS">
          <params>
            <param index="0">
              <value>
                <![CDATA["The user validating "Practice Questions" page"]]>
              </value>
            </param>
            <param index="1">
              <value>
                <![CDATA["TreePage"]]>
              </value>
            </param>
          </params>
          <reporter-output>
          </reporter-output>
        </test-method> <!-- runScenario -->
        <test-method is-config="true" signature="tearDownClass()[pri:0, instance:runner.TestNGRunner@7a8c8dcf]" started-at="2023-03-15T19:57:39 EDT" name="tearDownClass" finished-at="2023-03-15T19:57:49 EDT" duration-ms="9402" status="PASS">
          <reporter-output>
          </reporter-output>
        </test-method> <!-- tearDownClass -->
      </class> <!-- runner.TestNGRunner -->
    </test> <!-- Default test -->
  </suite> <!-- Default suite -->
</testng-results>
